<?xml version="1.0" encoding="UTF-8"?>
<!-- Generated by org.testng.reporters.JUnitReportReporter -->
<testsuite hostname="LAPTOP-9458V6EN" failures="0" tests="1" name="child2.AppTest" time="0.002" errors="0" timestamp="27 Nov 2020 07:46:26 GMT">
  <testcase classname="child2.AppTest" name="child2" time="0.002"/>
</testsuite> <!-- child2.AppTest -->
