<?xml version="1.0" encoding="UTF-8"?>
<!-- Generated by org.testng.reporters.JUnitReportReporter -->
<testsuite hostname="LAPTOP-9458V6EN" failures="0" tests="2" name="child1.AppTest" time="0.007" errors="0" timestamp="27 Nov 2020 07:46:24 GMT">
  <testcase classname="child1.AppTest" name="childA" time="0.001"/>
  <testcase classname="child1.AppTest" name="child1" time="0.006"/>
</testsuite> <!-- child1.AppTest -->
