<?xml version="1.0" encoding="UTF-8"?>
<!-- Generated by org.testng.reporters.JUnitReportReporter -->
<testsuite hostname="LAPTOP-9458V6EN" failures="0" tests="1" name="cmdTest.AppTest" time="0.016" errors="0" timestamp="23 Nov 2020 15:24:07 GMT">
  <testcase classname="cmdTest.AppTest" name="shouldAnswerWithTrue" time="0.016"/>
</testsuite> <!-- cmdTest.AppTest -->
